<?xml version="1.0" encoding="UTF-8"?>
<!-- Generated by org.testng.reporters.JUnitReportReporter -->
<testsuite hostname="A2-04" name="com.enjava.TestApplication" tests="3" failures="0" timestamp="31 Jan 2012 19:40:43 GMT" time="0,363" errors="0">
  <testcase name="pruebaPeriodicoIntenacional" time="0,031" classname="com.enjava.TestApplication"/>
  <testcase name="pruebaInyeccionDep" time="0,310" classname="com.enjava.TestApplication"/>
  <testcase name="pruebaPeriodicoNacional" time="0,022" classname="com.enjava.TestApplication"/>
</testsuite>
